<?xml version="1.0" encoding="UTF-8"?>
<!-- Generated by org.testng.reporters.JUnitXMLReporter -->
<testsuite hostname="Foyr-Dev-App" name="Test ARTHome 3DButton" tests="12" failures="1" timestamp="4 Jul 2016 06:51:36 GMT" time="1050.303" errors="0">
  <testcase name="testARTHome3DButton" time="152.913" classname="B2B_PageLoadTime.testARTHome3DButton">
    <failure type="java.lang.AssertionError" message="FAIL">
      <![CDATA[java.lang.AssertionError: FAIL
	at util.Keywords.closeBrowser(Keywords.java:3170)
	at util.Keywords.executeKeywords(Keywords.java:152)
	at B2B_PageLoadTime.testARTHome3DButton.testARTHome3DButton(testARTHome3DButton.java:23)
... Removed 25 stack frames]]>
    </failure>
  </testcase> <!-- testARTHome3DButton -->
  <testcase name="testARTHome3DButton" time="88.47" classname="B2B_PageLoadTime.testARTHome3DButton"/>
  <testcase name="testARTHome3DButton" time="97.386" classname="B2B_PageLoadTime.testARTHome3DButton"/>
  <testcase name="testARTHome3DButton" time="93.962" classname="B2B_PageLoadTime.testARTHome3DButton"/>
  <testcase name="testARTHome3DButton" time="87.317" classname="B2B_PageLoadTime.testARTHome3DButton"/>
  <testcase name="testARTHome3DButton" time="85.543" classname="B2B_PageLoadTime.testARTHome3DButton"/>
  <testcase name="testARTHome3DButton" time="63.657" classname="B2B_PageLoadTime.testARTHome3DButton"/>
  <testcase name="testARTHome3DButton" time="84.519" classname="B2B_PageLoadTime.testARTHome3DButton"/>
  <testcase name="testARTHome3DButton" time="83.341" classname="B2B_PageLoadTime.testARTHome3DButton"/>
  <testcase name="testARTHome3DButton" time="79.18" classname="B2B_PageLoadTime.testARTHome3DButton"/>
  <testcase name="testARTHome3DButton" time="73.693" classname="B2B_PageLoadTime.testARTHome3DButton"/>
  <testcase name="testARTHome3DButton" time="60.158" classname="B2B_PageLoadTime.testARTHome3DButton"/>
</testsuite> <!-- Test ARTHome 3DButton -->
