<?xml version="1.0" encoding="UTF-8"?>
<!-- Generated by org.testng.reporters.JUnitXMLReporter -->
<testsuite hostname="Foyr-Dev-App" name="Test Kohinoor 3DButton" tests="12" failures="2" timestamp="4 Jul 2016 07:06:54 GMT" time="918.588" errors="0">
  <testcase name="testKohinoor3DButton" time="109.492" classname="B2B_PageLoadTime.testKohinoor3DButton">
    <failure type="java.lang.AssertionError" message="FAIL">
      <![CDATA[java.lang.AssertionError: FAIL
	at util.Keywords.closeBrowser(Keywords.java:3170)
	at util.Keywords.executeKeywords(Keywords.java:152)
	at B2B_PageLoadTime.testKohinoor3DButton.testKohinoor3DButton(testKohinoor3DButton.java:22)
... Removed 25 stack frames]]>
    </failure>
  </testcase> <!-- testKohinoor3DButton -->
  <testcase name="testKohinoor3DButton" time="62.77" classname="B2B_PageLoadTime.testKohinoor3DButton"/>
  <testcase name="testKohinoor3DButton" time="60.37" classname="B2B_PageLoadTime.testKohinoor3DButton"/>
  <testcase name="testKohinoor3DButton" time="101.232" classname="B2B_PageLoadTime.testKohinoor3DButton"/>
  <testcase name="testKohinoor3DButton" time="66.827" classname="B2B_PageLoadTime.testKohinoor3DButton"/>
  <testcase name="testKohinoor3DButton" time="125.395" classname="B2B_PageLoadTime.testKohinoor3DButton"/>
  <testcase name="testKohinoor3DButton" time="77.13" classname="B2B_PageLoadTime.testKohinoor3DButton"/>
  <testcase name="testKohinoor3DButton" time="41.637" classname="B2B_PageLoadTime.testKohinoor3DButton">
    <failure type="org.openqa.selenium.ElementNotVisibleException" message="element not visible
  (Session info: chrome=51.0.2704.103)
  (Driver info: chromedriver=2.20.353145 (343b531d31eeb933ec778dbcf7081628a1396067),platform=Windows NT 10.0 x86_64) (WARNING: The server did not provide any stacktrace information)
Command duration or timeout: 87 milliseconds
Build info: version: &amp;apos;2.53.0&amp;apos;, revision: &amp;apos;35ae25b&amp;apos;, time: &amp;apos;2016-03-15 16:57:40&amp;apos;
System info: host: &amp;apos;Foyr-Dev-App&amp;apos;, ip: &amp;apos;192.168.1.145&amp;apos;, os.name: &amp;apos;Windows 10&amp;apos;, os.arch: &amp;apos;amd64&amp;apos;, os.version: &amp;apos;10.0&amp;apos;, java.version: &amp;apos;1.8.0_60&amp;apos;
Driver info: org.openqa.selenium.chrome.ChromeDriver
Capabilities [{applicationCacheEnabled=false, rotatable=false, mobileEmulationEnabled=false, chrome={userDataDir=C:\Users\Sachin\AppData\Local\Temp\scoped_dir11304_26251}, takesHeapSnapshot=true, databaseEnabled=false, handlesAlerts=true, hasTouchScreen=false, version=51.0.2704.103, platform=XP, browserConnectionEnabled=false, nativeEvents=true, acceptSslCerts=true, locationContextEnabled=true, webStorageEnabled=true, browserName=chrome, takesScreenshot=true, javascriptEnabled=true, cssSelectorsEnabled=true}]
Session ID: ba70a0b6c6e296c88856a09d2d007b27">
      <![CDATA[org.openqa.selenium.ElementNotVisibleException: element not visible
  (Session info: chrome=51.0.2704.103)
  (Driver info: chromedriver=2.20.353145 (343b531d31eeb933ec778dbcf7081628a1396067),platform=Windows NT 10.0 x86_64) (WARNING: The server did not provide any stacktrace information)
Command duration or timeout: 87 milliseconds
Build info: version: '2.53.0', revision: '35ae25b', time: '2016-03-15 16:57:40'
System info: host: 'Foyr-Dev-App', ip: '192.168.1.145', os.name: 'Windows 10', os.arch: 'amd64', os.version: '10.0', java.version: '1.8.0_60'
Driver info: org.openqa.selenium.chrome.ChromeDriver
Capabilities [{applicationCacheEnabled=false, rotatable=false, mobileEmulationEnabled=false, chrome={userDataDir=C:\Users\Sachin\AppData\Local\Temp\scoped_dir11304_26251}, takesHeapSnapshot=true, databaseEnabled=false, handlesAlerts=true, hasTouchScreen=false, version=51.0.2704.103, platform=XP, browserConnectionEnabled=false, nativeEvents=true, acceptSslCerts=true, locationContextEnabled=true, webStorageEnabled=true, browserName=chrome, takesScreenshot=true, javascriptEnabled=true, cssSelectorsEnabled=true}]
Session ID: ba70a0b6c6e296c88856a09d2d007b27
	at org.openqa.selenium.remote.ErrorHandler.createThrowable(ErrorHandler.java:206)
	at org.openqa.selenium.remote.ErrorHandler.throwIfResponseFailed(ErrorHandler.java:158)
	at org.openqa.selenium.remote.RemoteWebDriver.execute(RemoteWebDriver.java:678)
	at org.openqa.selenium.remote.RemoteWebElement.execute(RemoteWebElement.java:327)
	at org.openqa.selenium.remote.RemoteWebElement.click(RemoteWebElement.java:85)
	at util.Keywords.TestRoomGallary(Keywords.java:504)
	at util.Keywords.executeKeywords(Keywords.java:413)
	at B2B_PageLoadTime.testKohinoor3DButton.testKohinoor3DButton(testKohinoor3DButton.java:22)
... Removed 28 stack frames]]>
    </failure>
  </testcase> <!-- testKohinoor3DButton -->
  <testcase name="testKohinoor3DButton" time="72.685" classname="B2B_PageLoadTime.testKohinoor3DButton"/>
  <testcase name="testKohinoor3DButton" time="70.826" classname="B2B_PageLoadTime.testKohinoor3DButton"/>
  <testcase name="testKohinoor3DButton" time="83.892" classname="B2B_PageLoadTime.testKohinoor3DButton"/>
  <testcase name="testKohinoor3DButton" time="46.299" classname="B2B_PageLoadTime.testKohinoor3DButton"/>
</testsuite> <!-- Test Kohinoor 3DButton -->
