<html>
<head>
<title>TestNG:  Test Kohinoor 3DButton</title>
<link href="../testng.css" rel="stylesheet" type="text/css" />
<link href="../my-testng.css" rel="stylesheet" type="text/css" />

<style type="text/css">
.log { display: none;} 
.stack-trace { display: none;} 
</style>
<script type="text/javascript">
<!--
function flip(e) {
  current = e.style.display;
  if (current == 'block') {
    e.style.display = 'none';
    return 0;
  }
  else {
    e.style.display = 'block';
    return 1;
  }
}

function toggleBox(szDivId, elem, msg1, msg2)
{
  var res = -1;  if (document.getElementById) {
    res = flip(document.getElementById(szDivId));
  }
  else if (document.all) {
    // this is the way old msie versions work
    res = flip(document.all[szDivId]);
  }
  if(elem) {
    if(res == 0) elem.innerHTML = msg1; else elem.innerHTML = msg2;
  }

}

function toggleAllBoxes() {
  if (document.getElementsByTagName) {
    d = document.getElementsByTagName('div');
    for (i = 0; i < d.length; i++) {
      if (d[i].className == 'log') {
        flip(d[i]);
      }
    }
  }
}

// -->
</script>

</head>
<body>
<h2 align='center'>Test Kohinoor 3DButton</h2><table border='1' align="center">
<tr>
<td>Tests passed/Failed/Skipped:</td><td>10/2/0</td>
</tr><tr>
<td>Started on:</td><td>Mon Jul 04 12:21:36 IST 2016</td>
</tr>
<tr><td>Total time:</td><td>918 seconds (918588 ms)</td>
</tr><tr>
<td>Included groups:</td><td></td>
</tr><tr>
<td>Excluded groups:</td><td></td>
</tr>
</table><p/>
<small><i>(Hover the method name to see the test class name)</i></small><p/>
<table width='100%' border='1' class='invocation-failed'>
<tr><td colspan='4' align='center'><b>FAILED TESTS</b></td></tr>
<tr><td><b>Test method</b></td>
<td width="30%"><b>Exception</b></td>
<td width="10%"><b>Time (seconds)</b></td>
<td><b>Instance</b></td>
</tr>
<tr>
<td title='B2B_PageLoadTime.testKohinoor3DButton.testKohinoor3DButton()'><b>testKohinoor3DButton</b><br>Test class: B2B_PageLoadTime.testKohinoor3DButton<br>Parameters: {Results=, Data_UserName=foyrtest@foyr.com, Screenshots=, Data_Password=password, Runmode=Y, 3DRoomLoadTime=, Test_EndTime=, Iteration=1, HomePageLoadTime=, Message=, Browser=Mozilla, Test_StartTime=}</td>
<td><div><pre>java.lang.AssertionError: FAIL
	at util.Keywords.closeBrowser(Keywords.java:3170)
	at util.Keywords.executeKeywords(Keywords.java:152)
	at B2B_PageLoadTime.testKohinoor3DButton.testKohinoor3DButton(testKohinoor3DButton.java:22)
... Removed 25 stack frames</pre></div><a href='#' onClick='toggleBox("stack-trace251161714", this, "Click to show all stack frames", "Click to hide stack frames")'>Click to show all stack frames</a>
<div class='stack-trace' id='stack-trace251161714'><pre>java.lang.AssertionError: FAIL
	at org.testng.Assert.fail(Assert.java:94)
	at util.Keywords.closeBrowser(Keywords.java:3170)
	at util.Keywords.executeKeywords(Keywords.java:152)
	at B2B_PageLoadTime.testKohinoor3DButton.testKohinoor3DButton(testKohinoor3DButton.java:22)
	at sun.reflect.NativeMethodAccessorImpl.invoke0(Native Method)
	at sun.reflect.NativeMethodAccessorImpl.invoke(NativeMethodAccessorImpl.java:62)
	at sun.reflect.DelegatingMethodAccessorImpl.invoke(DelegatingMethodAccessorImpl.java:43)
	at java.lang.reflect.Method.invoke(Method.java:497)
	at org.testng.internal.MethodInvocationHelper.invokeMethod(MethodInvocationHelper.java:85)
	at org.testng.internal.Invoker.invokeMethod(Invoker.java:639)
	at org.testng.internal.Invoker.invokeTestMethod(Invoker.java:816)
	at org.testng.internal.Invoker.invokeTestMethods(Invoker.java:1124)
	at org.testng.internal.TestMethodWorker.invokeTestMethods(TestMethodWorker.java:125)
	at org.testng.internal.TestMethodWorker.run(TestMethodWorker.java:108)
	at org.testng.TestRunner.privateRun(TestRunner.java:774)
	at org.testng.TestRunner.run(TestRunner.java:624)
	at org.testng.SuiteRunner.runTest(SuiteRunner.java:359)
	at org.testng.SuiteRunner.runSequentially(SuiteRunner.java:354)
	at org.testng.SuiteRunner.privateRun(SuiteRunner.java:312)
	at org.testng.SuiteRunner.run(SuiteRunner.java:261)
	at org.testng.SuiteRunnerWorker.runSuite(SuiteRunnerWorker.java:52)
	at org.testng.SuiteRunnerWorker.run(SuiteRunnerWorker.java:86)
	at org.testng.TestNG.runSuitesSequentially(TestNG.java:1215)
	at org.testng.TestNG.runSuitesSequentially(TestNG.java:1211)
	at org.testng.TestNG.runSuitesLocally(TestNG.java:1140)
	at org.testng.TestNG.run(TestNG.java:1048)
	at org.testng.TestNG.privateMain(TestNG.java:1355)
	at org.testng.TestNG.main(TestNG.java:1324)
</pre></div></td>
<td>109</td>
<td>B2B_PageLoadTime.testKohinoor3DButton@19bb089b</td></tr>
<tr>
<td title='B2B_PageLoadTime.testKohinoor3DButton.testKohinoor3DButton()'><b>testKohinoor3DButton</b><br>Test class: B2B_PageLoadTime.testKohinoor3DButton<br>Parameters: {Results=, Data_UserName=foyrtest@foyr.com, Screenshots=, Data_Password=password, Runmode=Y, 3DRoomLoadTime=, Test_EndTime=, Iteration=8, HomePageLoadTime=, Message=, Browser=chrome, Test_StartTime=}</td>
<td><div><pre>org.openqa.selenium.ElementNotVisibleException: element not visible
  (Session info: chrome=51.0.2704.103)
  (Driver info: chromedriver=2.20.353145 (343b531d31eeb933ec778dbcf7081628a1396067),platform=Windows NT 10.0 x86_64) (WARNING: The server did not provide any stacktrace information)
Command duration or timeout: 87 milliseconds
Build info: version: &apos;2.53.0&apos;, revision: &apos;35ae25b&apos;, time: &apos;2016-03-15 16:57:40&apos;
System info: host: &apos;Foyr-Dev-App&apos;, ip: &apos;192.168.1.145&apos;, os.name: &apos;Windows 10&apos;, os.arch: &apos;amd64&apos;, os.version: &apos;10.0&apos;, java.version: &apos;1.8.0_60&apos;
Driver info: org.openqa.selenium.chrome.ChromeDriver
Capabilities [{applicationCacheEnabled=false, rotatable=false, mobileEmulationEnabled=false, chrome={userDataDir=C:\Users\Sachin\AppData\Local\Temp\scoped_dir11304_26251}, takesHeapSnapshot=true, databaseEnabled=false, handlesAlerts=true, hasTouchScreen=false, version=51.0.2704.103, platform=XP, browserConnectionEnabled=false, nativeEvents=true, acceptSslCerts=true, locationContextEnabled=true, webStorageEnabled=true, browserName=chrome, takesScreenshot=true, javascriptEnabled=true, cssSelectorsEnabled=true}]
Session ID: ba70a0b6c6e296c88856a09d2d007b27
	at org.openqa.selenium.remote.ErrorHandler.createThrowable(ErrorHandler.java:206)
	at org.openqa.selenium.remote.ErrorHandler.throwIfResponseFailed(ErrorHandler.java:158)
	at org.openqa.selenium.remote.RemoteWebDriver.execute(RemoteWebDriver.java:678)
	at org.openqa.selenium.remote.RemoteWebElement.execute(RemoteWebElement.java:327)
	at org.openqa.selenium.remote.RemoteWebElement.click(RemoteWebElement.java:85)
	at util.Keywords.TestRoomGallary(Keywords.java:504)
	at util.Keywords.executeKeywords(Keywords.java:413)
	at B2B_PageLoadTime.testKohinoor3DButton.testKohinoor3DButton(testKohinoor3DButton.java:22)
... Removed 28 stack frames</pre></div><a href='#' onClick='toggleBox("stack-trace12897515", this, "Click to show all stack frames", "Click to hide stack frames")'>Click to show all stack frames</a>
<div class='stack-trace' id='stack-trace12897515'><pre>org.openqa.selenium.ElementNotVisibleException: element not visible
  (Session info: chrome=51.0.2704.103)
  (Driver info: chromedriver=2.20.353145 (343b531d31eeb933ec778dbcf7081628a1396067),platform=Windows NT 10.0 x86_64) (WARNING: The server did not provide any stacktrace information)
Command duration or timeout: 87 milliseconds
Build info: version: &apos;2.53.0&apos;, revision: &apos;35ae25b&apos;, time: &apos;2016-03-15 16:57:40&apos;
System info: host: &apos;Foyr-Dev-App&apos;, ip: &apos;192.168.1.145&apos;, os.name: &apos;Windows 10&apos;, os.arch: &apos;amd64&apos;, os.version: &apos;10.0&apos;, java.version: &apos;1.8.0_60&apos;
Driver info: org.openqa.selenium.chrome.ChromeDriver
Capabilities [{applicationCacheEnabled=false, rotatable=false, mobileEmulationEnabled=false, chrome={userDataDir=C:\Users\Sachin\AppData\Local\Temp\scoped_dir11304_26251}, takesHeapSnapshot=true, databaseEnabled=false, handlesAlerts=true, hasTouchScreen=false, version=51.0.2704.103, platform=XP, browserConnectionEnabled=false, nativeEvents=true, acceptSslCerts=true, locationContextEnabled=true, webStorageEnabled=true, browserName=chrome, takesScreenshot=true, javascriptEnabled=true, cssSelectorsEnabled=true}]
Session ID: ba70a0b6c6e296c88856a09d2d007b27
	at sun.reflect.NativeConstructorAccessorImpl.newInstance0(Native Method)
	at sun.reflect.NativeConstructorAccessorImpl.newInstance(NativeConstructorAccessorImpl.java:62)
	at sun.reflect.DelegatingConstructorAccessorImpl.newInstance(DelegatingConstructorAccessorImpl.java:45)
	at java.lang.reflect.Constructor.newInstance(Constructor.java:422)
	at org.openqa.selenium.remote.ErrorHandler.createThrowable(ErrorHandler.java:206)
	at org.openqa.selenium.remote.ErrorHandler.throwIfResponseFailed(ErrorHandler.java:158)
	at org.openqa.selenium.remote.RemoteWebDriver.execute(RemoteWebDriver.java:678)
	at org.openqa.selenium.remote.RemoteWebElement.execute(RemoteWebElement.java:327)
	at org.openqa.selenium.remote.RemoteWebElement.click(RemoteWebElement.java:85)
	at util.Keywords.TestRoomGallary(Keywords.java:504)
	at util.Keywords.executeKeywords(Keywords.java:413)
	at B2B_PageLoadTime.testKohinoor3DButton.testKohinoor3DButton(testKohinoor3DButton.java:22)
	at sun.reflect.NativeMethodAccessorImpl.invoke0(Native Method)
	at sun.reflect.NativeMethodAccessorImpl.invoke(NativeMethodAccessorImpl.java:62)
	at sun.reflect.DelegatingMethodAccessorImpl.invoke(DelegatingMethodAccessorImpl.java:43)
	at java.lang.reflect.Method.invoke(Method.java:497)
	at org.testng.internal.MethodInvocationHelper.invokeMethod(MethodInvocationHelper.java:85)
	at org.testng.internal.Invoker.invokeMethod(Invoker.java:639)
	at org.testng.internal.Invoker.invokeTestMethod(Invoker.java:816)
	at org.testng.internal.Invoker.invokeTestMethods(Invoker.java:1124)
	at org.testng.internal.TestMethodWorker.invokeTestMethods(TestMethodWorker.java:125)
	at org.testng.internal.TestMethodWorker.run(TestMethodWorker.java:108)
	at org.testng.TestRunner.privateRun(TestRunner.java:774)
	at org.testng.TestRunner.run(TestRunner.java:624)
	at org.testng.SuiteRunner.runTest(SuiteRunner.java:359)
	at org.testng.SuiteRunner.runSequentially(SuiteRunner.java:354)
	at org.testng.SuiteRunner.privateRun(SuiteRunner.java:312)
	at org.testng.SuiteRunner.run(SuiteRunner.java:261)
	at org.testng.SuiteRunnerWorker.runSuite(SuiteRunnerWorker.java:52)
	at org.testng.SuiteRunnerWorker.run(SuiteRunnerWorker.java:86)
	at org.testng.TestNG.runSuitesSequentially(TestNG.java:1215)
	at org.testng.TestNG.runSuitesSequentially(TestNG.java:1211)
	at org.testng.TestNG.runSuitesLocally(TestNG.java:1140)
	at org.testng.TestNG.run(TestNG.java:1048)
	at org.testng.TestNG.privateMain(TestNG.java:1355)
	at org.testng.TestNG.main(TestNG.java:1324)
</pre></div></td>
<td>41</td>
<td>B2B_PageLoadTime.testKohinoor3DButton@19bb089b</td></tr>
</table><p>
<table width='100%' border='1' class='invocation-passed'>
<tr><td colspan='4' align='center'><b>PASSED TESTS</b></td></tr>
<tr><td><b>Test method</b></td>
<td width="30%"><b>Exception</b></td>
<td width="10%"><b>Time (seconds)</b></td>
<td><b>Instance</b></td>
</tr>
<tr>
<td title='B2B_PageLoadTime.testKohinoor3DButton.testKohinoor3DButton()'><b>testKohinoor3DButton</b><br>Test class: B2B_PageLoadTime.testKohinoor3DButton<br>Parameters: {Results=, Data_UserName=foyrtest@foyr.com, Screenshots=, Data_Password=password, Runmode=Y, 3DRoomLoadTime=, Test_EndTime=, Iteration=2, HomePageLoadTime=, Message=, Browser=Mozilla, Test_StartTime=}</td>
<td></td>
<td>62</td>
<td>B2B_PageLoadTime.testKohinoor3DButton@19bb089b</td></tr>
<tr>
<td title='B2B_PageLoadTime.testKohinoor3DButton.testKohinoor3DButton()'><b>testKohinoor3DButton</b><br>Test class: B2B_PageLoadTime.testKohinoor3DButton<br>Parameters: {Results=, Data_UserName=foyrtest@foyr.com, Screenshots=, Data_Password=password, Runmode=Y, 3DRoomLoadTime=, Test_EndTime=, Iteration=3, HomePageLoadTime=, Message=, Browser=Mozilla, Test_StartTime=}</td>
<td></td>
<td>60</td>
<td>B2B_PageLoadTime.testKohinoor3DButton@19bb089b</td></tr>
<tr>
<td title='B2B_PageLoadTime.testKohinoor3DButton.testKohinoor3DButton()'><b>testKohinoor3DButton</b><br>Test class: B2B_PageLoadTime.testKohinoor3DButton<br>Parameters: {Results=, Data_UserName=foyrtest@foyr.com, Screenshots=, Data_Password=password, Runmode=Y, 3DRoomLoadTime=, Test_EndTime=, Iteration=4, HomePageLoadTime=, Message=, Browser=Mozilla, Test_StartTime=}</td>
<td></td>
<td>101</td>
<td>B2B_PageLoadTime.testKohinoor3DButton@19bb089b</td></tr>
<tr>
<td title='B2B_PageLoadTime.testKohinoor3DButton.testKohinoor3DButton()'><b>testKohinoor3DButton</b><br>Test class: B2B_PageLoadTime.testKohinoor3DButton<br>Parameters: {Results=, Data_UserName=foyrtest@foyr.com, Screenshots=, Data_Password=password, Runmode=Y, 3DRoomLoadTime=, Test_EndTime=, Iteration=5, HomePageLoadTime=, Message=, Browser=Mozilla, Test_StartTime=}</td>
<td></td>
<td>66</td>
<td>B2B_PageLoadTime.testKohinoor3DButton@19bb089b</td></tr>
<tr>
<td title='B2B_PageLoadTime.testKohinoor3DButton.testKohinoor3DButton()'><b>testKohinoor3DButton</b><br>Test class: B2B_PageLoadTime.testKohinoor3DButton<br>Parameters: {Results=, Data_UserName=foyrtest@foyr.com, Screenshots=, Data_Password=password, Runmode=Y, 3DRoomLoadTime=, Test_EndTime=, Iteration=6, HomePageLoadTime=, Message=, Browser=Mozilla, Test_StartTime=}</td>
<td></td>
<td>125</td>
<td>B2B_PageLoadTime.testKohinoor3DButton@19bb089b</td></tr>
<tr>
<td title='B2B_PageLoadTime.testKohinoor3DButton.testKohinoor3DButton()'><b>testKohinoor3DButton</b><br>Test class: B2B_PageLoadTime.testKohinoor3DButton<br>Parameters: {Results=, Data_UserName=foyrtest@foyr.com, Screenshots=, Data_Password=password, Runmode=Y, 3DRoomLoadTime=, Test_EndTime=, Iteration=7, HomePageLoadTime=, Message=, Browser=chrome, Test_StartTime=}</td>
<td></td>
<td>77</td>
<td>B2B_PageLoadTime.testKohinoor3DButton@19bb089b</td></tr>
<tr>
<td title='B2B_PageLoadTime.testKohinoor3DButton.testKohinoor3DButton()'><b>testKohinoor3DButton</b><br>Test class: B2B_PageLoadTime.testKohinoor3DButton<br>Parameters: {Results=, Data_UserName=foyrtest@foyr.com, Screenshots=, Data_Password=password, Runmode=Y, 3DRoomLoadTime=, Test_EndTime=, Iteration=9, HomePageLoadTime=, Message=, Browser=chrome, Test_StartTime=}</td>
<td></td>
<td>72</td>
<td>B2B_PageLoadTime.testKohinoor3DButton@19bb089b</td></tr>
<tr>
<td title='B2B_PageLoadTime.testKohinoor3DButton.testKohinoor3DButton()'><b>testKohinoor3DButton</b><br>Test class: B2B_PageLoadTime.testKohinoor3DButton<br>Parameters: {Results=, Data_UserName=foyrtest@foyr.com, Screenshots=, Data_Password=password, Runmode=Y, 3DRoomLoadTime=, Test_EndTime=, Iteration=10, HomePageLoadTime=, Message=, Browser=chrome, Test_StartTime=}</td>
<td></td>
<td>70</td>
<td>B2B_PageLoadTime.testKohinoor3DButton@19bb089b</td></tr>
<tr>
<td title='B2B_PageLoadTime.testKohinoor3DButton.testKohinoor3DButton()'><b>testKohinoor3DButton</b><br>Test class: B2B_PageLoadTime.testKohinoor3DButton<br>Parameters: {Results=, Data_UserName=foyrtest@foyr.com, Screenshots=, Data_Password=password, Runmode=Y, 3DRoomLoadTime=, Test_EndTime=, Iteration=11, HomePageLoadTime=, Message=, Browser=chrome, Test_StartTime=}</td>
<td></td>
<td>83</td>
<td>B2B_PageLoadTime.testKohinoor3DButton@19bb089b</td></tr>
<tr>
<td title='B2B_PageLoadTime.testKohinoor3DButton.testKohinoor3DButton()'><b>testKohinoor3DButton</b><br>Test class: B2B_PageLoadTime.testKohinoor3DButton<br>Parameters: {Results=, Data_UserName=foyrtest@foyr.com, Screenshots=, Data_Password=password, Runmode=Y, 3DRoomLoadTime=, Test_EndTime=, Iteration=12, HomePageLoadTime=, Message=, Browser=chrome, Test_StartTime=}</td>
<td></td>
<td>46</td>
<td>B2B_PageLoadTime.testKohinoor3DButton@19bb089b</td></tr>
</table><p>
</body>
</html>