<?xml version="1.0" encoding="UTF-8"?>
<testng-results skipped="0" failed="4" total="36" passed="32">
  <reporter-output>
  </reporter-output>
  <suite name="KlickBrick TestSuite" duration-ms="0" started-at="2016-07-04T07:06:55Z" finished-at="2016-07-04T07:06:55Z">
    <groups>
    </groups>
  </suite> <!-- KlickBrick TestSuite -->
  <suite name="Page Test" duration-ms="3124855" started-at="2016-07-04T06:14:50Z" finished-at="2016-07-04T07:06:54Z">
    <groups>
    </groups>
    <test name="Test SKGHome 3DButton" duration-ms="1154014" started-at="2016-07-04T06:14:50Z" finished-at="2016-07-04T06:34:04Z">
      <class name="B2B_PageLoadTime.testSKGHome3DButton">
        <test-method status="PASS" signature="testSKGHome3DButton(java.util.Hashtable)[pri:0, instance:B2B_PageLoadTime.testSKGHome3DButton@2aafb23c]" name="testSKGHome3DButton" duration-ms="156163" started-at="2016-07-04T11:44:50Z" data-provider="getDataForHomePageLoading" finished-at="2016-07-04T11:47:26Z">
          <params>
            <param index="0">
              <value>
                <![CDATA[{Results=, Data_UserName=foyrtest@foyr.com, Screenshots=, Data_Password=password, Runmode=Y, 3DRoomLoadTime=, Test_EndTime=, Iteration=1, HomePageLoadTime=, Message=, Browser=Mozilla, Test_StartTime=}]]>
              </value>
            </param>
          </params>
          <reporter-output>
          </reporter-output>
        </test-method> <!-- testSKGHome3DButton -->
        <test-method status="PASS" signature="testSKGHome3DButton(java.util.Hashtable)[pri:0, instance:B2B_PageLoadTime.testSKGHome3DButton@2aafb23c]" name="testSKGHome3DButton" duration-ms="115873" started-at="2016-07-04T11:47:26Z" data-provider="getDataForHomePageLoading" finished-at="2016-07-04T11:49:22Z">
          <params>
            <param index="0">
              <value>
                <![CDATA[{Results=, Data_UserName=foyrtest@foyr.com, Screenshots=, Data_Password=password, Runmode=Y, 3DRoomLoadTime=, Test_EndTime=, Iteration=2, HomePageLoadTime=, Message=, Browser=Mozilla, Test_StartTime=}]]>
              </value>
            </param>
          </params>
          <reporter-output>
          </reporter-output>
        </test-method> <!-- testSKGHome3DButton -->
        <test-method status="PASS" signature="testSKGHome3DButton(java.util.Hashtable)[pri:0, instance:B2B_PageLoadTime.testSKGHome3DButton@2aafb23c]" name="testSKGHome3DButton" duration-ms="70494" started-at="2016-07-04T11:49:22Z" data-provider="getDataForHomePageLoading" finished-at="2016-07-04T11:50:33Z">
          <params>
            <param index="0">
              <value>
                <![CDATA[{Results=, Data_UserName=foyrtest@foyr.com, Screenshots=, Data_Password=password, Runmode=Y, 3DRoomLoadTime=, Test_EndTime=, Iteration=3, HomePageLoadTime=, Message=, Browser=Mozilla, Test_StartTime=}]]>
              </value>
            </param>
          </params>
          <reporter-output>
          </reporter-output>
        </test-method> <!-- testSKGHome3DButton -->
        <test-method status="PASS" signature="testSKGHome3DButton(java.util.Hashtable)[pri:0, instance:B2B_PageLoadTime.testSKGHome3DButton@2aafb23c]" name="testSKGHome3DButton" duration-ms="63146" started-at="2016-07-04T11:50:33Z" data-provider="getDataForHomePageLoading" finished-at="2016-07-04T11:51:36Z">
          <params>
            <param index="0">
              <value>
                <![CDATA[{Results=, Data_UserName=foyrtest@foyr.com, Screenshots=, Data_Password=password, Runmode=Y, 3DRoomLoadTime=, Test_EndTime=, Iteration=4, HomePageLoadTime=, Message=, Browser=Mozilla, Test_StartTime=}]]>
              </value>
            </param>
          </params>
          <reporter-output>
          </reporter-output>
        </test-method> <!-- testSKGHome3DButton -->
        <test-method status="PASS" signature="testSKGHome3DButton(java.util.Hashtable)[pri:0, instance:B2B_PageLoadTime.testSKGHome3DButton@2aafb23c]" name="testSKGHome3DButton" duration-ms="59467" started-at="2016-07-04T11:51:36Z" data-provider="getDataForHomePageLoading" finished-at="2016-07-04T11:52:35Z">
          <params>
            <param index="0">
              <value>
                <![CDATA[{Results=, Data_UserName=foyrtest@foyr.com, Screenshots=, Data_Password=password, Runmode=Y, 3DRoomLoadTime=, Test_EndTime=, Iteration=5, HomePageLoadTime=, Message=, Browser=Mozilla, Test_StartTime=}]]>
              </value>
            </param>
          </params>
          <reporter-output>
          </reporter-output>
        </test-method> <!-- testSKGHome3DButton -->
        <test-method status="PASS" signature="testSKGHome3DButton(java.util.Hashtable)[pri:0, instance:B2B_PageLoadTime.testSKGHome3DButton@2aafb23c]" name="testSKGHome3DButton" duration-ms="58711" started-at="2016-07-04T11:52:35Z" data-provider="getDataForHomePageLoading" finished-at="2016-07-04T11:53:34Z">
          <params>
            <param index="0">
              <value>
                <![CDATA[{Results=, Data_UserName=foyrtest@foyr.com, Screenshots=, Data_Password=password, Runmode=Y, 3DRoomLoadTime=, Test_EndTime=, Iteration=6, HomePageLoadTime=, Message=, Browser=Mozilla, Test_StartTime=}]]>
              </value>
            </param>
          </params>
          <reporter-output>
          </reporter-output>
        </test-method> <!-- testSKGHome3DButton -->
        <test-method status="FAIL" signature="testSKGHome3DButton(java.util.Hashtable)[pri:0, instance:B2B_PageLoadTime.testSKGHome3DButton@2aafb23c]" name="testSKGHome3DButton" duration-ms="177005" started-at="2016-07-04T11:53:34Z" data-provider="getDataForHomePageLoading" finished-at="2016-07-04T11:56:31Z">
          <params>
            <param index="0">
              <value>
                <![CDATA[{Results=, Data_UserName=foyrtest@foyr.com, Screenshots=, Data_Password=password, Runmode=Y, 3DRoomLoadTime=, Test_EndTime=, Iteration=7, HomePageLoadTime=, Message=, Browser=chrome, Test_StartTime=}]]>
              </value>
            </param>
          </params>
          <exception class="java.lang.AssertionError">
            <message>
              <![CDATA[FAIL]]>
            </message>
            <full-stacktrace>
              <![CDATA[java.lang.AssertionError: FAIL
	at org.testng.Assert.fail(Assert.java:94)
	at util.Keywords.closeBrowser(Keywords.java:3170)
	at util.Keywords.reportError(Keywords.java:3460)
	at util.Keywords.PageTimer(Keywords.java:443)
	at util.Keywords.TestRoomGallary(Keywords.java:511)
	at util.Keywords.executeKeywords(Keywords.java:413)
	at B2B_PageLoadTime.testSKGHome3DButton.testSKGHome3DButton(testSKGHome3DButton.java:22)
	at sun.reflect.NativeMethodAccessorImpl.invoke0(Native Method)
	at sun.reflect.NativeMethodAccessorImpl.invoke(NativeMethodAccessorImpl.java:62)
	at sun.reflect.DelegatingMethodAccessorImpl.invoke(DelegatingMethodAccessorImpl.java:43)
	at java.lang.reflect.Method.invoke(Method.java:497)
	at org.testng.internal.MethodInvocationHelper.invokeMethod(MethodInvocationHelper.java:85)
	at org.testng.internal.Invoker.invokeMethod(Invoker.java:639)
	at org.testng.internal.Invoker.invokeTestMethod(Invoker.java:816)
	at org.testng.internal.Invoker.invokeTestMethods(Invoker.java:1124)
	at org.testng.internal.TestMethodWorker.invokeTestMethods(TestMethodWorker.java:125)
	at org.testng.internal.TestMethodWorker.run(TestMethodWorker.java:108)
	at org.testng.TestRunner.privateRun(TestRunner.java:774)
	at org.testng.TestRunner.run(TestRunner.java:624)
	at org.testng.SuiteRunner.runTest(SuiteRunner.java:359)
	at org.testng.SuiteRunner.runSequentially(SuiteRunner.java:354)
	at org.testng.SuiteRunner.privateRun(SuiteRunner.java:312)
	at org.testng.SuiteRunner.run(SuiteRunner.java:261)
	at org.testng.SuiteRunnerWorker.runSuite(SuiteRunnerWorker.java:52)
	at org.testng.SuiteRunnerWorker.run(SuiteRunnerWorker.java:86)
	at org.testng.TestNG.runSuitesSequentially(TestNG.java:1215)
	at org.testng.TestNG.runSuitesSequentially(TestNG.java:1211)
	at org.testng.TestNG.runSuitesLocally(TestNG.java:1140)
	at org.testng.TestNG.run(TestNG.java:1048)
	at org.testng.TestNG.privateMain(TestNG.java:1355)
	at org.testng.TestNG.main(TestNG.java:1324)
]]>
            </full-stacktrace>
          </exception> <!-- java.lang.AssertionError -->
          <reporter-output>
          </reporter-output>
        </test-method> <!-- testSKGHome3DButton -->
        <test-method status="PASS" signature="testSKGHome3DButton(java.util.Hashtable)[pri:0, instance:B2B_PageLoadTime.testSKGHome3DButton@2aafb23c]" name="testSKGHome3DButton" duration-ms="127076" started-at="2016-07-04T11:56:31Z" data-provider="getDataForHomePageLoading" finished-at="2016-07-04T11:58:38Z">
          <params>
            <param index="0">
              <value>
                <![CDATA[{Results=, Data_UserName=foyrtest@foyr.com, Screenshots=, Data_Password=password, Runmode=Y, 3DRoomLoadTime=, Test_EndTime=, Iteration=8, HomePageLoadTime=, Message=, Browser=chrome, Test_StartTime=}]]>
              </value>
            </param>
          </params>
          <reporter-output>
          </reporter-output>
        </test-method> <!-- testSKGHome3DButton -->
        <test-method status="PASS" signature="testSKGHome3DButton(java.util.Hashtable)[pri:0, instance:B2B_PageLoadTime.testSKGHome3DButton@2aafb23c]" name="testSKGHome3DButton" duration-ms="73396" started-at="2016-07-04T11:58:38Z" data-provider="getDataForHomePageLoading" finished-at="2016-07-04T11:59:52Z">
          <params>
            <param index="0">
              <value>
                <![CDATA[{Results=, Data_UserName=foyrtest@foyr.com, Screenshots=, Data_Password=password, Runmode=Y, 3DRoomLoadTime=, Test_EndTime=, Iteration=9, HomePageLoadTime=, Message=, Browser=chrome, Test_StartTime=}]]>
              </value>
            </param>
          </params>
          <reporter-output>
          </reporter-output>
        </test-method> <!-- testSKGHome3DButton -->
        <test-method status="PASS" signature="testSKGHome3DButton(java.util.Hashtable)[pri:0, instance:B2B_PageLoadTime.testSKGHome3DButton@2aafb23c]" name="testSKGHome3DButton" duration-ms="124529" started-at="2016-07-04T11:59:52Z" data-provider="getDataForHomePageLoading" finished-at="2016-07-04T12:01:56Z">
          <params>
            <param index="0">
              <value>
                <![CDATA[{Results=, Data_UserName=foyrtest@foyr.com, Screenshots=, Data_Password=password, Runmode=Y, 3DRoomLoadTime=, Test_EndTime=, Iteration=10, HomePageLoadTime=, Message=, Browser=chrome, Test_StartTime=}]]>
              </value>
            </param>
          </params>
          <reporter-output>
          </reporter-output>
        </test-method> <!-- testSKGHome3DButton -->
        <test-method status="PASS" signature="testSKGHome3DButton(java.util.Hashtable)[pri:0, instance:B2B_PageLoadTime.testSKGHome3DButton@2aafb23c]" name="testSKGHome3DButton" duration-ms="80573" started-at="2016-07-04T12:01:56Z" data-provider="getDataForHomePageLoading" finished-at="2016-07-04T12:03:17Z">
          <params>
            <param index="0">
              <value>
                <![CDATA[{Results=, Data_UserName=foyrtest@foyr.com, Screenshots=, Data_Password=password, Runmode=Y, 3DRoomLoadTime=, Test_EndTime=, Iteration=11, HomePageLoadTime=, Message=, Browser=chrome, Test_StartTime=}]]>
              </value>
            </param>
          </params>
          <reporter-output>
          </reporter-output>
        </test-method> <!-- testSKGHome3DButton -->
        <test-method status="PASS" signature="testSKGHome3DButton(java.util.Hashtable)[pri:0, instance:B2B_PageLoadTime.testSKGHome3DButton@2aafb23c]" name="testSKGHome3DButton" duration-ms="46517" started-at="2016-07-04T12:03:17Z" data-provider="getDataForHomePageLoading" finished-at="2016-07-04T12:04:03Z">
          <params>
            <param index="0">
              <value>
                <![CDATA[{Results=, Data_UserName=foyrtest@foyr.com, Screenshots=, Data_Password=password, Runmode=Y, 3DRoomLoadTime=, Test_EndTime=, Iteration=12, HomePageLoadTime=, Message=, Browser=chrome, Test_StartTime=}]]>
              </value>
            </param>
          </params>
          <reporter-output>
          </reporter-output>
        </test-method> <!-- testSKGHome3DButton -->
      </class> <!-- B2B_PageLoadTime.testSKGHome3DButton -->
    </test> <!-- Test SKGHome 3DButton -->
    <test name="Test ARTHome 3DButton" duration-ms="1050303" started-at="2016-07-04T06:34:05Z" finished-at="2016-07-04T06:51:36Z">
      <class name="B2B_PageLoadTime.testARTHome3DButton">
        <test-method status="FAIL" signature="testARTHome3DButton(java.util.Hashtable)[pri:0, instance:B2B_PageLoadTime.testARTHome3DButton@4ec6a292]" name="testARTHome3DButton" duration-ms="152913" started-at="2016-07-04T12:04:06Z" data-provider="getDataForHomePageLoading" finished-at="2016-07-04T12:06:38Z">
          <params>
            <param index="0">
              <value>
                <![CDATA[{Results=, Data_UserName=foyrtest@foyr.com, Screenshots=, Data_Password=password, Runmode=Y, 3DRoomLoadTime=, Test_EndTime=, Iteration=1, HomePageLoadTime=, Message=, Browser=Mozilla, Test_StartTime=}]]>
              </value>
            </param>
          </params>
          <exception class="java.lang.AssertionError">
            <message>
              <![CDATA[FAIL]]>
            </message>
            <full-stacktrace>
              <![CDATA[java.lang.AssertionError: FAIL
	at org.testng.Assert.fail(Assert.java:94)
	at util.Keywords.closeBrowser(Keywords.java:3170)
	at util.Keywords.executeKeywords(Keywords.java:152)
	at B2B_PageLoadTime.testARTHome3DButton.testARTHome3DButton(testARTHome3DButton.java:23)
	at sun.reflect.NativeMethodAccessorImpl.invoke0(Native Method)
	at sun.reflect.NativeMethodAccessorImpl.invoke(NativeMethodAccessorImpl.java:62)
	at sun.reflect.DelegatingMethodAccessorImpl.invoke(DelegatingMethodAccessorImpl.java:43)
	at java.lang.reflect.Method.invoke(Method.java:497)
	at org.testng.internal.MethodInvocationHelper.invokeMethod(MethodInvocationHelper.java:85)
	at org.testng.internal.Invoker.invokeMethod(Invoker.java:639)
	at org.testng.internal.Invoker.invokeTestMethod(Invoker.java:816)
	at org.testng.internal.Invoker.invokeTestMethods(Invoker.java:1124)
	at org.testng.internal.TestMethodWorker.invokeTestMethods(TestMethodWorker.java:125)
	at org.testng.internal.TestMethodWorker.run(TestMethodWorker.java:108)
	at org.testng.TestRunner.privateRun(TestRunner.java:774)
	at org.testng.TestRunner.run(TestRunner.java:624)
	at org.testng.SuiteRunner.runTest(SuiteRunner.java:359)
	at org.testng.SuiteRunner.runSequentially(SuiteRunner.java:354)
	at org.testng.SuiteRunner.privateRun(SuiteRunner.java:312)
	at org.testng.SuiteRunner.run(SuiteRunner.java:261)
	at org.testng.SuiteRunnerWorker.runSuite(SuiteRunnerWorker.java:52)
	at org.testng.SuiteRunnerWorker.run(SuiteRunnerWorker.java:86)
	at org.testng.TestNG.runSuitesSequentially(TestNG.java:1215)
	at org.testng.TestNG.runSuitesSequentially(TestNG.java:1211)
	at org.testng.TestNG.runSuitesLocally(TestNG.java:1140)
	at org.testng.TestNG.run(TestNG.java:1048)
	at org.testng.TestNG.privateMain(TestNG.java:1355)
	at org.testng.TestNG.main(TestNG.java:1324)
]]>
            </full-stacktrace>
          </exception> <!-- java.lang.AssertionError -->
          <reporter-output>
          </reporter-output>
        </test-method> <!-- testARTHome3DButton -->
        <test-method status="PASS" signature="testARTHome3DButton(java.util.Hashtable)[pri:0, instance:B2B_PageLoadTime.testARTHome3DButton@4ec6a292]" name="testARTHome3DButton" duration-ms="88470" started-at="2016-07-04T12:06:38Z" data-provider="getDataForHomePageLoading" finished-at="2016-07-04T12:08:07Z">
          <params>
            <param index="0">
              <value>
                <![CDATA[{Results=, Data_UserName=foyrtest@foyr.com, Screenshots=, Data_Password=password, Runmode=Y, 3DRoomLoadTime=, Test_EndTime=, Iteration=2, HomePageLoadTime=, Message=, Browser=Mozilla, Test_StartTime=}]]>
              </value>
            </param>
          </params>
          <reporter-output>
          </reporter-output>
        </test-method> <!-- testARTHome3DButton -->
        <test-method status="PASS" signature="testARTHome3DButton(java.util.Hashtable)[pri:0, instance:B2B_PageLoadTime.testARTHome3DButton@4ec6a292]" name="testARTHome3DButton" duration-ms="97386" started-at="2016-07-04T12:08:07Z" data-provider="getDataForHomePageLoading" finished-at="2016-07-04T12:09:44Z">
          <params>
            <param index="0">
              <value>
                <![CDATA[{Results=, Data_UserName=foyrtest@foyr.com, Screenshots=, Data_Password=password, Runmode=Y, 3DRoomLoadTime=, Test_EndTime=, Iteration=3, HomePageLoadTime=, Message=, Browser=Mozilla, Test_StartTime=}]]>
              </value>
            </param>
          </params>
          <reporter-output>
          </reporter-output>
        </test-method> <!-- testARTHome3DButton -->
        <test-method status="PASS" signature="testARTHome3DButton(java.util.Hashtable)[pri:0, instance:B2B_PageLoadTime.testARTHome3DButton@4ec6a292]" name="testARTHome3DButton" duration-ms="93962" started-at="2016-07-04T12:09:44Z" data-provider="getDataForHomePageLoading" finished-at="2016-07-04T12:11:18Z">
          <params>
            <param index="0">
              <value>
                <![CDATA[{Results=, Data_UserName=foyrtest@foyr.com, Screenshots=, Data_Password=password, Runmode=Y, 3DRoomLoadTime=, Test_EndTime=, Iteration=4, HomePageLoadTime=, Message=, Browser=Mozilla, Test_StartTime=}]]>
              </value>
            </param>
          </params>
          <reporter-output>
          </reporter-output>
        </test-method> <!-- testARTHome3DButton -->
        <test-method status="PASS" signature="testARTHome3DButton(java.util.Hashtable)[pri:0, instance:B2B_PageLoadTime.testARTHome3DButton@4ec6a292]" name="testARTHome3DButton" duration-ms="87317" started-at="2016-07-04T12:11:18Z" data-provider="getDataForHomePageLoading" finished-at="2016-07-04T12:12:46Z">
          <params>
            <param index="0">
              <value>
                <![CDATA[{Results=, Data_UserName=foyrtest@foyr.com, Screenshots=, Data_Password=password, Runmode=Y, 3DRoomLoadTime=, Test_EndTime=, Iteration=5, HomePageLoadTime=, Message=, Browser=Mozilla, Test_StartTime=}]]>
              </value>
            </param>
          </params>
          <reporter-output>
          </reporter-output>
        </test-method> <!-- testARTHome3DButton -->
        <test-method status="PASS" signature="testARTHome3DButton(java.util.Hashtable)[pri:0, instance:B2B_PageLoadTime.testARTHome3DButton@4ec6a292]" name="testARTHome3DButton" duration-ms="85543" started-at="2016-07-04T12:12:46Z" data-provider="getDataForHomePageLoading" finished-at="2016-07-04T12:14:11Z">
          <params>
            <param index="0">
              <value>
                <![CDATA[{Results=, Data_UserName=foyrtest@foyr.com, Screenshots=, Data_Password=password, Runmode=Y, 3DRoomLoadTime=, Test_EndTime=, Iteration=6, HomePageLoadTime=, Message=, Browser=Mozilla, Test_StartTime=}]]>
              </value>
            </param>
          </params>
          <reporter-output>
          </reporter-output>
        </test-method> <!-- testARTHome3DButton -->
        <test-method status="PASS" signature="testARTHome3DButton(java.util.Hashtable)[pri:0, instance:B2B_PageLoadTime.testARTHome3DButton@4ec6a292]" name="testARTHome3DButton" duration-ms="63657" started-at="2016-07-04T12:14:11Z" data-provider="getDataForHomePageLoading" finished-at="2016-07-04T12:15:15Z">
          <params>
            <param index="0">
              <value>
                <![CDATA[{Results=, Data_UserName=foyrtest@foyr.com, Screenshots=, Data_Password=password, Runmode=Y, 3DRoomLoadTime=, Test_EndTime=, Iteration=7, HomePageLoadTime=, Message=, Browser=chrome, Test_StartTime=}]]>
              </value>
            </param>
          </params>
          <reporter-output>
          </reporter-output>
        </test-method> <!-- testARTHome3DButton -->
        <test-method status="PASS" signature="testARTHome3DButton(java.util.Hashtable)[pri:0, instance:B2B_PageLoadTime.testARTHome3DButton@4ec6a292]" name="testARTHome3DButton" duration-ms="84519" started-at="2016-07-04T12:15:15Z" data-provider="getDataForHomePageLoading" finished-at="2016-07-04T12:16:39Z">
          <params>
            <param index="0">
              <value>
                <![CDATA[{Results=, Data_UserName=foyrtest@foyr.com, Screenshots=, Data_Password=password, Runmode=Y, 3DRoomLoadTime=, Test_EndTime=, Iteration=8, HomePageLoadTime=, Message=, Browser=chrome, Test_StartTime=}]]>
              </value>
            </param>
          </params>
          <reporter-output>
          </reporter-output>
        </test-method> <!-- testARTHome3DButton -->
        <test-method status="PASS" signature="testARTHome3DButton(java.util.Hashtable)[pri:0, instance:B2B_PageLoadTime.testARTHome3DButton@4ec6a292]" name="testARTHome3DButton" duration-ms="83341" started-at="2016-07-04T12:16:39Z" data-provider="getDataForHomePageLoading" finished-at="2016-07-04T12:18:03Z">
          <params>
            <param index="0">
              <value>
                <![CDATA[{Results=, Data_UserName=foyrtest@foyr.com, Screenshots=, Data_Password=password, Runmode=Y, 3DRoomLoadTime=, Test_EndTime=, Iteration=9, HomePageLoadTime=, Message=, Browser=chrome, Test_StartTime=}]]>
              </value>
            </param>
          </params>
          <reporter-output>
          </reporter-output>
        </test-method> <!-- testARTHome3DButton -->
        <test-method status="PASS" signature="testARTHome3DButton(java.util.Hashtable)[pri:0, instance:B2B_PageLoadTime.testARTHome3DButton@4ec6a292]" name="testARTHome3DButton" duration-ms="79180" started-at="2016-07-04T12:18:03Z" data-provider="getDataForHomePageLoading" finished-at="2016-07-04T12:19:22Z">
          <params>
            <param index="0">
              <value>
                <![CDATA[{Results=, Data_UserName=foyrtest@foyr.com, Screenshots=, Data_Password=password, Runmode=Y, 3DRoomLoadTime=, Test_EndTime=, Iteration=10, HomePageLoadTime=, Message=, Browser=chrome, Test_StartTime=}]]>
              </value>
            </param>
          </params>
          <reporter-output>
          </reporter-output>
        </test-method> <!-- testARTHome3DButton -->
        <test-method status="PASS" signature="testARTHome3DButton(java.util.Hashtable)[pri:0, instance:B2B_PageLoadTime.testARTHome3DButton@4ec6a292]" name="testARTHome3DButton" duration-ms="73693" started-at="2016-07-04T12:19:22Z" data-provider="getDataForHomePageLoading" finished-at="2016-07-04T12:20:36Z">
          <params>
            <param index="0">
              <value>
                <![CDATA[{Results=, Data_UserName=foyrtest@foyr.com, Screenshots=, Data_Password=password, Runmode=Y, 3DRoomLoadTime=, Test_EndTime=, Iteration=11, HomePageLoadTime=, Message=, Browser=chrome, Test_StartTime=}]]>
              </value>
            </param>
          </params>
          <reporter-output>
          </reporter-output>
        </test-method> <!-- testARTHome3DButton -->
        <test-method status="PASS" signature="testARTHome3DButton(java.util.Hashtable)[pri:0, instance:B2B_PageLoadTime.testARTHome3DButton@4ec6a292]" name="testARTHome3DButton" duration-ms="60158" started-at="2016-07-04T12:20:36Z" data-provider="getDataForHomePageLoading" finished-at="2016-07-04T12:21:36Z">
          <params>
            <param index="0">
              <value>
                <![CDATA[{Results=, Data_UserName=foyrtest@foyr.com, Screenshots=, Data_Password=password, Runmode=Y, 3DRoomLoadTime=, Test_EndTime=, Iteration=12, HomePageLoadTime=, Message=, Browser=chrome, Test_StartTime=}]]>
              </value>
            </param>
          </params>
          <reporter-output>
          </reporter-output>
        </test-method> <!-- testARTHome3DButton -->
      </class> <!-- B2B_PageLoadTime.testARTHome3DButton -->
    </test> <!-- Test ARTHome 3DButton -->
    <test name="Test Kohinoor 3DButton" duration-ms="918588" started-at="2016-07-04T06:51:36Z" finished-at="2016-07-04T07:06:54Z">
      <class name="B2B_PageLoadTime.testKohinoor3DButton">
        <test-method status="PASS" signature="checkSuitRun()[pri:0, instance:B2B_PageLoadTime.testKohinoor3DButton@19bb089b]" name="checkSuitRun" is-config="true" duration-ms="1990" started-at="2016-07-04T11:44:48Z" finished-at="2016-07-04T11:44:50Z">
          <reporter-output>
          </reporter-output>
        </test-method> <!-- checkSuitRun -->
        <test-method status="FAIL" signature="testKohinoor3DButton(java.util.Hashtable)[pri:0, instance:B2B_PageLoadTime.testKohinoor3DButton@19bb089b]" name="testKohinoor3DButton" duration-ms="109492" started-at="2016-07-04T12:21:36Z" data-provider="getDataForHomePageLoading" finished-at="2016-07-04T12:23:25Z">
          <params>
            <param index="0">
              <value>
                <![CDATA[{Results=, Data_UserName=foyrtest@foyr.com, Screenshots=, Data_Password=password, Runmode=Y, 3DRoomLoadTime=, Test_EndTime=, Iteration=1, HomePageLoadTime=, Message=, Browser=Mozilla, Test_StartTime=}]]>
              </value>
            </param>
          </params>
          <exception class="java.lang.AssertionError">
            <message>
              <![CDATA[FAIL]]>
            </message>
            <full-stacktrace>
              <![CDATA[java.lang.AssertionError: FAIL
	at org.testng.Assert.fail(Assert.java:94)
	at util.Keywords.closeBrowser(Keywords.java:3170)
	at util.Keywords.executeKeywords(Keywords.java:152)
	at B2B_PageLoadTime.testKohinoor3DButton.testKohinoor3DButton(testKohinoor3DButton.java:22)
	at sun.reflect.NativeMethodAccessorImpl.invoke0(Native Method)
	at sun.reflect.NativeMethodAccessorImpl.invoke(NativeMethodAccessorImpl.java:62)
	at sun.reflect.DelegatingMethodAccessorImpl.invoke(DelegatingMethodAccessorImpl.java:43)
	at java.lang.reflect.Method.invoke(Method.java:497)
	at org.testng.internal.MethodInvocationHelper.invokeMethod(MethodInvocationHelper.java:85)
	at org.testng.internal.Invoker.invokeMethod(Invoker.java:639)
	at org.testng.internal.Invoker.invokeTestMethod(Invoker.java:816)
	at org.testng.internal.Invoker.invokeTestMethods(Invoker.java:1124)
	at org.testng.internal.TestMethodWorker.invokeTestMethods(TestMethodWorker.java:125)
	at org.testng.internal.TestMethodWorker.run(TestMethodWorker.java:108)
	at org.testng.TestRunner.privateRun(TestRunner.java:774)
	at org.testng.TestRunner.run(TestRunner.java:624)
	at org.testng.SuiteRunner.runTest(SuiteRunner.java:359)
	at org.testng.SuiteRunner.runSequentially(SuiteRunner.java:354)
	at org.testng.SuiteRunner.privateRun(SuiteRunner.java:312)
	at org.testng.SuiteRunner.run(SuiteRunner.java:261)
	at org.testng.SuiteRunnerWorker.runSuite(SuiteRunnerWorker.java:52)
	at org.testng.SuiteRunnerWorker.run(SuiteRunnerWorker.java:86)
	at org.testng.TestNG.runSuitesSequentially(TestNG.java:1215)
	at org.testng.TestNG.runSuitesSequentially(TestNG.java:1211)
	at org.testng.TestNG.runSuitesLocally(TestNG.java:1140)
	at org.testng.TestNG.run(TestNG.java:1048)
	at org.testng.TestNG.privateMain(TestNG.java:1355)
	at org.testng.TestNG.main(TestNG.java:1324)
]]>
            </full-stacktrace>
          </exception> <!-- java.lang.AssertionError -->
          <reporter-output>
          </reporter-output>
        </test-method> <!-- testKohinoor3DButton -->
        <test-method status="PASS" signature="testKohinoor3DButton(java.util.Hashtable)[pri:0, instance:B2B_PageLoadTime.testKohinoor3DButton@19bb089b]" name="testKohinoor3DButton" duration-ms="62770" started-at="2016-07-04T12:23:25Z" data-provider="getDataForHomePageLoading" finished-at="2016-07-04T12:24:28Z">
          <params>
            <param index="0">
              <value>
                <![CDATA[{Results=, Data_UserName=foyrtest@foyr.com, Screenshots=, Data_Password=password, Runmode=Y, 3DRoomLoadTime=, Test_EndTime=, Iteration=2, HomePageLoadTime=, Message=, Browser=Mozilla, Test_StartTime=}]]>
              </value>
            </param>
          </params>
          <reporter-output>
          </reporter-output>
        </test-method> <!-- testKohinoor3DButton -->
        <test-method status="PASS" signature="testKohinoor3DButton(java.util.Hashtable)[pri:0, instance:B2B_PageLoadTime.testKohinoor3DButton@19bb089b]" name="testKohinoor3DButton" duration-ms="60370" started-at="2016-07-04T12:24:28Z" data-provider="getDataForHomePageLoading" finished-at="2016-07-04T12:25:28Z">
          <params>
            <param index="0">
              <value>
                <![CDATA[{Results=, Data_UserName=foyrtest@foyr.com, Screenshots=, Data_Password=password, Runmode=Y, 3DRoomLoadTime=, Test_EndTime=, Iteration=3, HomePageLoadTime=, Message=, Browser=Mozilla, Test_StartTime=}]]>
              </value>
            </param>
          </params>
          <reporter-output>
          </reporter-output>
        </test-method> <!-- testKohinoor3DButton -->
        <test-method status="PASS" signature="testKohinoor3DButton(java.util.Hashtable)[pri:0, instance:B2B_PageLoadTime.testKohinoor3DButton@19bb089b]" name="testKohinoor3DButton" duration-ms="101232" started-at="2016-07-04T12:25:28Z" data-provider="getDataForHomePageLoading" finished-at="2016-07-04T12:27:10Z">
          <params>
            <param index="0">
              <value>
                <![CDATA[{Results=, Data_UserName=foyrtest@foyr.com, Screenshots=, Data_Password=password, Runmode=Y, 3DRoomLoadTime=, Test_EndTime=, Iteration=4, HomePageLoadTime=, Message=, Browser=Mozilla, Test_StartTime=}]]>
              </value>
            </param>
          </params>
          <reporter-output>
          </reporter-output>
        </test-method> <!-- testKohinoor3DButton -->
        <test-method status="PASS" signature="testKohinoor3DButton(java.util.Hashtable)[pri:0, instance:B2B_PageLoadTime.testKohinoor3DButton@19bb089b]" name="testKohinoor3DButton" duration-ms="66827" started-at="2016-07-04T12:27:10Z" data-provider="getDataForHomePageLoading" finished-at="2016-07-04T12:28:17Z">
          <params>
            <param index="0">
              <value>
                <![CDATA[{Results=, Data_UserName=foyrtest@foyr.com, Screenshots=, Data_Password=password, Runmode=Y, 3DRoomLoadTime=, Test_EndTime=, Iteration=5, HomePageLoadTime=, Message=, Browser=Mozilla, Test_StartTime=}]]>
              </value>
            </param>
          </params>
          <reporter-output>
          </reporter-output>
        </test-method> <!-- testKohinoor3DButton -->
        <test-method status="PASS" signature="testKohinoor3DButton(java.util.Hashtable)[pri:0, instance:B2B_PageLoadTime.testKohinoor3DButton@19bb089b]" name="testKohinoor3DButton" duration-ms="125395" started-at="2016-07-04T12:28:17Z" data-provider="getDataForHomePageLoading" finished-at="2016-07-04T12:30:22Z">
          <params>
            <param index="0">
              <value>
                <![CDATA[{Results=, Data_UserName=foyrtest@foyr.com, Screenshots=, Data_Password=password, Runmode=Y, 3DRoomLoadTime=, Test_EndTime=, Iteration=6, HomePageLoadTime=, Message=, Browser=Mozilla, Test_StartTime=}]]>
              </value>
            </param>
          </params>
          <reporter-output>
          </reporter-output>
        </test-method> <!-- testKohinoor3DButton -->
        <test-method status="PASS" signature="testKohinoor3DButton(java.util.Hashtable)[pri:0, instance:B2B_PageLoadTime.testKohinoor3DButton@19bb089b]" name="testKohinoor3DButton" duration-ms="77130" started-at="2016-07-04T12:30:22Z" data-provider="getDataForHomePageLoading" finished-at="2016-07-04T12:31:39Z">
          <params>
            <param index="0">
              <value>
                <![CDATA[{Results=, Data_UserName=foyrtest@foyr.com, Screenshots=, Data_Password=password, Runmode=Y, 3DRoomLoadTime=, Test_EndTime=, Iteration=7, HomePageLoadTime=, Message=, Browser=chrome, Test_StartTime=}]]>
              </value>
            </param>
          </params>
          <reporter-output>
          </reporter-output>
        </test-method> <!-- testKohinoor3DButton -->
        <test-method status="FAIL" signature="testKohinoor3DButton(java.util.Hashtable)[pri:0, instance:B2B_PageLoadTime.testKohinoor3DButton@19bb089b]" name="testKohinoor3DButton" duration-ms="41637" started-at="2016-07-04T12:31:39Z" data-provider="getDataForHomePageLoading" finished-at="2016-07-04T12:32:21Z">
          <params>
            <param index="0">
              <value>
                <![CDATA[{Results=, Data_UserName=foyrtest@foyr.com, Screenshots=, Data_Password=password, Runmode=Y, 3DRoomLoadTime=, Test_EndTime=, Iteration=8, HomePageLoadTime=, Message=, Browser=chrome, Test_StartTime=}]]>
              </value>
            </param>
          </params>
          <exception class="org.openqa.selenium.ElementNotVisibleException">
            <message>
              <![CDATA[element not visible
  (Session info: chrome=51.0.2704.103)
  (Driver info: chromedriver=2.20.353145 (343b531d31eeb933ec778dbcf7081628a1396067),platform=Windows NT 10.0 x86_64) (WARNING: The server did not provide any stacktrace information)
Command duration or timeout: 87 milliseconds
Build info: version: '2.53.0', revision: '35ae25b', time: '2016-03-15 16:57:40'
System info: host: 'Foyr-Dev-App', ip: '192.168.1.145', os.name: 'Windows 10', os.arch: 'amd64', os.version: '10.0', java.version: '1.8.0_60'
Driver info: org.openqa.selenium.chrome.ChromeDriver
Capabilities [{applicationCacheEnabled=false, rotatable=false, mobileEmulationEnabled=false, chrome={userDataDir=C:\Users\Sachin\AppData\Local\Temp\scoped_dir11304_26251}, takesHeapSnapshot=true, databaseEnabled=false, handlesAlerts=true, hasTouchScreen=false, version=51.0.2704.103, platform=XP, browserConnectionEnabled=false, nativeEvents=true, acceptSslCerts=true, locationContextEnabled=true, webStorageEnabled=true, browserName=chrome, takesScreenshot=true, javascriptEnabled=true, cssSelectorsEnabled=true}]
Session ID: ba70a0b6c6e296c88856a09d2d007b27]]>
            </message>
            <full-stacktrace>
              <![CDATA[org.openqa.selenium.ElementNotVisibleException: element not visible
  (Session info: chrome=51.0.2704.103)
  (Driver info: chromedriver=2.20.353145 (343b531d31eeb933ec778dbcf7081628a1396067),platform=Windows NT 10.0 x86_64) (WARNING: The server did not provide any stacktrace information)
Command duration or timeout: 87 milliseconds
Build info: version: '2.53.0', revision: '35ae25b', time: '2016-03-15 16:57:40'
System info: host: 'Foyr-Dev-App', ip: '192.168.1.145', os.name: 'Windows 10', os.arch: 'amd64', os.version: '10.0', java.version: '1.8.0_60'
Driver info: org.openqa.selenium.chrome.ChromeDriver
Capabilities [{applicationCacheEnabled=false, rotatable=false, mobileEmulationEnabled=false, chrome={userDataDir=C:\Users\Sachin\AppData\Local\Temp\scoped_dir11304_26251}, takesHeapSnapshot=true, databaseEnabled=false, handlesAlerts=true, hasTouchScreen=false, version=51.0.2704.103, platform=XP, browserConnectionEnabled=false, nativeEvents=true, acceptSslCerts=true, locationContextEnabled=true, webStorageEnabled=true, browserName=chrome, takesScreenshot=true, javascriptEnabled=true, cssSelectorsEnabled=true}]
Session ID: ba70a0b6c6e296c88856a09d2d007b27
	at sun.reflect.NativeConstructorAccessorImpl.newInstance0(Native Method)
	at sun.reflect.NativeConstructorAccessorImpl.newInstance(NativeConstructorAccessorImpl.java:62)
	at sun.reflect.DelegatingConstructorAccessorImpl.newInstance(DelegatingConstructorAccessorImpl.java:45)
	at java.lang.reflect.Constructor.newInstance(Constructor.java:422)
	at org.openqa.selenium.remote.ErrorHandler.createThrowable(ErrorHandler.java:206)
	at org.openqa.selenium.remote.ErrorHandler.throwIfResponseFailed(ErrorHandler.java:158)
	at org.openqa.selenium.remote.RemoteWebDriver.execute(RemoteWebDriver.java:678)
	at org.openqa.selenium.remote.RemoteWebElement.execute(RemoteWebElement.java:327)
	at org.openqa.selenium.remote.RemoteWebElement.click(RemoteWebElement.java:85)
	at util.Keywords.TestRoomGallary(Keywords.java:504)
	at util.Keywords.executeKeywords(Keywords.java:413)
	at B2B_PageLoadTime.testKohinoor3DButton.testKohinoor3DButton(testKohinoor3DButton.java:22)
	at sun.reflect.NativeMethodAccessorImpl.invoke0(Native Method)
	at sun.reflect.NativeMethodAccessorImpl.invoke(NativeMethodAccessorImpl.java:62)
	at sun.reflect.DelegatingMethodAccessorImpl.invoke(DelegatingMethodAccessorImpl.java:43)
	at java.lang.reflect.Method.invoke(Method.java:497)
	at org.testng.internal.MethodInvocationHelper.invokeMethod(MethodInvocationHelper.java:85)
	at org.testng.internal.Invoker.invokeMethod(Invoker.java:639)
	at org.testng.internal.Invoker.invokeTestMethod(Invoker.java:816)
	at org.testng.internal.Invoker.invokeTestMethods(Invoker.java:1124)
	at org.testng.internal.TestMethodWorker.invokeTestMethods(TestMethodWorker.java:125)
	at org.testng.internal.TestMethodWorker.run(TestMethodWorker.java:108)
	at org.testng.TestRunner.privateRun(TestRunner.java:774)
	at org.testng.TestRunner.run(TestRunner.java:624)
	at org.testng.SuiteRunner.runTest(SuiteRunner.java:359)
	at org.testng.SuiteRunner.runSequentially(SuiteRunner.java:354)
	at org.testng.SuiteRunner.privateRun(SuiteRunner.java:312)
	at org.testng.SuiteRunner.run(SuiteRunner.java:261)
	at org.testng.SuiteRunnerWorker.runSuite(SuiteRunnerWorker.java:52)
	at org.testng.SuiteRunnerWorker.run(SuiteRunnerWorker.java:86)
	at org.testng.TestNG.runSuitesSequentially(TestNG.java:1215)
	at org.testng.TestNG.runSuitesSequentially(TestNG.java:1211)
	at org.testng.TestNG.runSuitesLocally(TestNG.java:1140)
	at org.testng.TestNG.run(TestNG.java:1048)
	at org.testng.TestNG.privateMain(TestNG.java:1355)
	at org.testng.TestNG.main(TestNG.java:1324)
]]>
            </full-stacktrace>
          </exception> <!-- org.openqa.selenium.ElementNotVisibleException -->
          <reporter-output>
          </reporter-output>
        </test-method> <!-- testKohinoor3DButton -->
        <test-method status="PASS" signature="testKohinoor3DButton(java.util.Hashtable)[pri:0, instance:B2B_PageLoadTime.testKohinoor3DButton@19bb089b]" name="testKohinoor3DButton" duration-ms="72685" started-at="2016-07-04T12:32:21Z" data-provider="getDataForHomePageLoading" finished-at="2016-07-04T12:33:33Z">
          <params>
            <param index="0">
              <value>
                <![CDATA[{Results=, Data_UserName=foyrtest@foyr.com, Screenshots=, Data_Password=password, Runmode=Y, 3DRoomLoadTime=, Test_EndTime=, Iteration=9, HomePageLoadTime=, Message=, Browser=chrome, Test_StartTime=}]]>
              </value>
            </param>
          </params>
          <reporter-output>
          </reporter-output>
        </test-method> <!-- testKohinoor3DButton -->
        <test-method status="PASS" signature="testKohinoor3DButton(java.util.Hashtable)[pri:0, instance:B2B_PageLoadTime.testKohinoor3DButton@19bb089b]" name="testKohinoor3DButton" duration-ms="70826" started-at="2016-07-04T12:33:33Z" data-provider="getDataForHomePageLoading" finished-at="2016-07-04T12:34:44Z">
          <params>
            <param index="0">
              <value>
                <![CDATA[{Results=, Data_UserName=foyrtest@foyr.com, Screenshots=, Data_Password=password, Runmode=Y, 3DRoomLoadTime=, Test_EndTime=, Iteration=10, HomePageLoadTime=, Message=, Browser=chrome, Test_StartTime=}]]>
              </value>
            </param>
          </params>
          <reporter-output>
          </reporter-output>
        </test-method> <!-- testKohinoor3DButton -->
        <test-method status="PASS" signature="testKohinoor3DButton(java.util.Hashtable)[pri:0, instance:B2B_PageLoadTime.testKohinoor3DButton@19bb089b]" name="testKohinoor3DButton" duration-ms="83892" started-at="2016-07-04T12:34:44Z" data-provider="getDataForHomePageLoading" finished-at="2016-07-04T12:36:08Z">
          <params>
            <param index="0">
              <value>
                <![CDATA[{Results=, Data_UserName=foyrtest@foyr.com, Screenshots=, Data_Password=password, Runmode=Y, 3DRoomLoadTime=, Test_EndTime=, Iteration=11, HomePageLoadTime=, Message=, Browser=chrome, Test_StartTime=}]]>
              </value>
            </param>
          </params>
          <reporter-output>
          </reporter-output>
        </test-method> <!-- testKohinoor3DButton -->
        <test-method status="PASS" signature="testKohinoor3DButton(java.util.Hashtable)[pri:0, instance:B2B_PageLoadTime.testKohinoor3DButton@19bb089b]" name="testKohinoor3DButton" duration-ms="46299" started-at="2016-07-04T12:36:08Z" data-provider="getDataForHomePageLoading" finished-at="2016-07-04T12:36:54Z">
          <params>
            <param index="0">
              <value>
                <![CDATA[{Results=, Data_UserName=foyrtest@foyr.com, Screenshots=, Data_Password=password, Runmode=Y, 3DRoomLoadTime=, Test_EndTime=, Iteration=12, HomePageLoadTime=, Message=, Browser=chrome, Test_StartTime=}]]>
              </value>
            </param>
          </params>
          <reporter-output>
          </reporter-output>
        </test-method> <!-- testKohinoor3DButton -->
      </class> <!-- B2B_PageLoadTime.testKohinoor3DButton -->
    </test> <!-- Test Kohinoor 3DButton -->
  </suite> <!-- Page Test -->
</testng-results>
