<?xml version="1.0" encoding="UTF-8"?>
<!-- Generated by org.testng.reporters.JUnitReportReporter -->
<testsuite hostname="Foyr-Dev-App" name="B2B_PageLoadTime.testARTHome3DButton" tests="12" failures="1" timestamp="4 Jul 2016 07:06:55 GMT" time="1050.139" errors="0">
  <testcase name="testARTHome3DButton" time="97.386" classname="B2B_PageLoadTime.testARTHome3DButton"/>
  <testcase name="testARTHome3DButton" time="93.962" classname="B2B_PageLoadTime.testARTHome3DButton"/>
  <testcase name="testARTHome3DButton" time="85.543" classname="B2B_PageLoadTime.testARTHome3DButton"/>
  <testcase name="testARTHome3DButton" time="60.158" classname="B2B_PageLoadTime.testARTHome3DButton"/>
  <testcase name="testARTHome3DButton" time="87.317" classname="B2B_PageLoadTime.testARTHome3DButton"/>
  <testcase name="testARTHome3DButton" time="79.180" classname="B2B_PageLoadTime.testARTHome3DButton"/>
  <testcase name="testARTHome3DButton" time="152.913" classname="B2B_PageLoadTime.testARTHome3DButton">
    <failure type="java.lang.AssertionError" message="FAIL">
      <![CDATA[java.lang.AssertionError: FAIL
	at org.testng.Assert.fail(Assert.java:94)
	at util.Keywords.closeBrowser(Keywords.java:3170)
	at util.Keywords.executeKeywords(Keywords.java:152)
	at B2B_PageLoadTime.testARTHome3DButton.testARTHome3DButton(testARTHome3DButton.java:23)
	at sun.reflect.NativeMethodAccessorImpl.invoke0(Native Method)
	at sun.reflect.NativeMethodAccessorImpl.invoke(NativeMethodAccessorImpl.java:62)
	at sun.reflect.DelegatingMethodAccessorImpl.invoke(DelegatingMethodAccessorImpl.java:43)
	at java.lang.reflect.Method.invoke(Method.java:497)
	at org.testng.internal.MethodInvocationHelper.invokeMethod(MethodInvocationHelper.java:85)
	at org.testng.internal.Invoker.invokeMethod(Invoker.java:639)
	at org.testng.internal.Invoker.invokeTestMethod(Invoker.java:816)
	at org.testng.internal.Invoker.invokeTestMethods(Invoker.java:1124)
	at org.testng.internal.TestMethodWorker.invokeTestMethods(TestMethodWorker.java:125)
	at org.testng.internal.TestMethodWorker.run(TestMethodWorker.java:108)
	at org.testng.TestRunner.privateRun(TestRunner.java:774)
	at org.testng.TestRunner.run(TestRunner.java:624)
	at org.testng.SuiteRunner.runTest(SuiteRunner.java:359)
	at org.testng.SuiteRunner.runSequentially(SuiteRunner.java:354)
	at org.testng.SuiteRunner.privateRun(SuiteRunner.java:312)
	at org.testng.SuiteRunner.run(SuiteRunner.java:261)
	at org.testng.SuiteRunnerWorker.runSuite(SuiteRunnerWorker.java:52)
	at org.testng.SuiteRunnerWorker.run(SuiteRunnerWorker.java:86)
	at org.testng.TestNG.runSuitesSequentially(TestNG.java:1215)
	at org.testng.TestNG.runSuitesSequentially(TestNG.java:1211)
	at org.testng.TestNG.runSuitesLocally(TestNG.java:1140)
	at org.testng.TestNG.run(TestNG.java:1048)
	at org.testng.TestNG.privateMain(TestNG.java:1355)
	at org.testng.TestNG.main(TestNG.java:1324)
]]>
    </failure>
  </testcase> <!-- testARTHome3DButton -->
  <testcase name="testARTHome3DButton" time="73.693" classname="B2B_PageLoadTime.testARTHome3DButton"/>
  <testcase name="testARTHome3DButton" time="88.470" classname="B2B_PageLoadTime.testARTHome3DButton"/>
  <testcase name="testARTHome3DButton" time="84.519" classname="B2B_PageLoadTime.testARTHome3DButton"/>
  <testcase name="testARTHome3DButton" time="83.341" classname="B2B_PageLoadTime.testARTHome3DButton"/>
  <testcase name="testARTHome3DButton" time="63.657" classname="B2B_PageLoadTime.testARTHome3DButton"/>
</testsuite> <!-- B2B_PageLoadTime.testARTHome3DButton -->
